A D/a29k////
A D/arc////
A D/avr////
A D/convex////
A D/cris////
A D/d10v////
A D/d30v////
A D/fr30////
A D/frv////
A D/gould////
A D/h8300////
A D/h8500////
A D/i960////
A D/iq2000////
A D/m32c////
A D/m68hc11////
A D/mcore////
A D/mep////
A D/mn10200////
A D/mn10300////
A D/ms1////
A D/mt////
A D/none////
A D/ns32k////
A D/pyr////
A D/romp////
A D/score////
A D/sh64////
A D/spu////
A D/tahoe////
A D/tic80////
A D/v850////
A D/w65////
A D/xstormy16////
A D/z8k////
R D/z8k////
R D/xstormy16////
R D/w65////
R D/v850////
R D/tic80////
R D/tahoe////
R D/spu////
R D/sh64////
R D/score////
R D/romp////
R D/pyr////
R D/ns32k////
R D/none////
R D/mt////
R D/ms1////
R D/mn10300////
R D/mn10200////
R D/mep////
R D/mcore////
R D/m68hc11////
R D/m32c////
R D/iq2000////
R D/i960////
R D/h8500////
R D/h8300////
R D/gould////
R D/frv////
R D/fr30////
R D/d30v////
R D/d10v////
R D/cris////
R D/convex////
R D/avr////
R D/arc////
R D/a29k////
